<?xml version="1.0" encoding="UTF-8"?>
<!-- Generated by org.testng.reporters.JUnitReportReporter -->
<testsuite hostname="viewwrite-lm" name="learn.deepak.java.concurrent.TestMySimpleProducerConsumer" tests="2" failures="0" timestamp="19 Apr 2014 08:04:30 GMT" time="26.145" errors="0">
  <testcase name="testSingleProducerConsumer" time="10.442" classname="learn.deepak.java.concurrent.TestMySimpleProducerConsumer"/>
  <testcase name="testMultiProducerConsumer" time="15.703" classname="learn.deepak.java.concurrent.TestMySimpleProducerConsumer"/>
</testsuite> <!-- learn.deepak.java.concurrent.TestMySimpleProducerConsumer -->
