<?xml version="1.0" encoding="UTF-8"?>
<!-- Generated by org.testng.reporters.JUnitReportReporter -->
<testsuite hostname="viewwrite-lm" name="learn.deepak.java.fundamentals.TestDerivedClass" tests="1" failures="0" timestamp="19 Apr 2014 08:04:30 GMT" time="0.006" errors="0">
  <testcase name="initOrder02" time="0.006" classname="learn.deepak.java.fundamentals.TestDerivedClass"/>
</testsuite> <!-- learn.deepak.java.fundamentals.TestDerivedClass -->
