<?xml version="1.0" encoding="UTF-8"?>
<!-- Generated by org.testng.reporters.JUnitReportReporter -->
<testsuite hostname="viewwrite-lm" name="learn.deepak.java.concurrent.TestMyTransactionManager" tests="3" failures="0" timestamp="19 Apr 2014 08:04:30 GMT" time="0.003" errors="0">
  <testcase name="test1" time="0.001" classname="learn.deepak.java.concurrent.TestMyTransactionManager"/>
  <testcase name="test1" time="0.001" classname="learn.deepak.java.concurrent.TestMyTransactionManager"/>
  <testcase name="test1" time="0.001" classname="learn.deepak.java.concurrent.TestMyTransactionManager"/>
</testsuite> <!-- learn.deepak.java.concurrent.TestMyTransactionManager -->
