<?xml version="1.0" encoding="UTF-8"?>
<!-- Generated by org.testng.reporters.JUnitReportReporter -->
<testsuite hostname="viewwrite-lm" name="learn.deepak.java.concurrent.TestMyInterruptedThread" tests="2" failures="0" timestamp="19 Apr 2014 08:04:30 GMT" time="22.020" errors="0">
  <testcase name="noInterruptionTest" time="16.008" classname="learn.deepak.java.concurrent.TestMyInterruptedThread"/>
  <testcase name="interruptTest" time="6.012" classname="learn.deepak.java.concurrent.TestMyInterruptedThread"/>
</testsuite> <!-- learn.deepak.java.concurrent.TestMyInterruptedThread -->
