<?xml version="1.0" encoding="UTF-8"?>
<!-- Generated by org.testng.reporters.JUnitReportReporter -->
<testsuite hostname="viewwrite-lm" name="learn.deepak.java.concurrent.TestMyImmutable" tests="1" failures="0" timestamp="19 Apr 2014 08:04:30 GMT" time="0.003" errors="0">
  <testcase name="createMyImmutable" time="0.003" classname="learn.deepak.java.concurrent.TestMyImmutable"/>
</testsuite> <!-- learn.deepak.java.concurrent.TestMyImmutable -->
