<?xml version="1.0" encoding="UTF-8"?>
<!-- Generated by org.testng.reporters.JUnitReportReporter -->
<testsuite hostname="viewwrite-lm" name="learn.deepak.java.AppTest" tests="1" failures="0" timestamp="19 Apr 2014 08:04:31 GMT" time="0.002" errors="0">
  <testcase name="testApp" time="0.002" classname="learn.deepak.java.AppTest"/>
</testsuite> <!-- learn.deepak.java.AppTest -->
